<?xml version="1.0" encoding="UTF-8"?>
<testsuite name="StatementPrinterTests" tests="2" skipped="0" failures="0" errors="0" timestamp="2023-10-25T13:13:46" hostname="AMINE-HADID" time="0.312">
  <properties/>
  <testcase name="exampleStatementPrinttotext()" classname="StatementPrinterTests" time="0.264"/>
  <testcase name="exampleStatementtohtml()" classname="StatementPrinterTests" time="0.047"/>
  <system-out><![CDATA[]]></system-out>
  <system-err><![CDATA[]]></system-err>
</testsuite>
