<?xml version="1.0" encoding="UTF-8"?>
<testsuite name="StatementPrinterTests" tests="2" skipped="0" failures="0" errors="0" timestamp="2023-10-20T12:41:36" hostname="AMINESPC" time="0.278">
  <properties/>
  <testcase name="exampleStatement()" classname="StatementPrinterTests" time="0.268"/>
  <testcase name="statementWithNewPlayTypes()" classname="StatementPrinterTests" time="0.01"/>
  <system-out><![CDATA[]]></system-out>
  <system-err><![CDATA[]]></system-err>
</testsuite>
